2024-10-05T13:49:22.830+09:30  INFO 34972 --- [main] org.adelaide.AggregationApplication      : Starting AggregationApplication using Java 17.0.12 with PID 34972 (/Users/qilinxin0421/DistributedSystemWork/aggregation-server/target/classes started by qilinxin0421 in /Users/qilinxin0421/DistributedSystemWork)
2024-10-05T13:49:22.833+09:30  INFO 34972 --- [main] org.adelaide.AggregationApplication      : No active profile set, falling back to 1 default profile: "default"
2024-10-05T13:49:23.081+09:30  INFO 34972 --- [main] o.s.b.w.embedded.tomcat.TomcatWebServer  : Tomcat initialized with port(s): 4567 (http)
2024-10-05T13:49:23.084+09:30  INFO 34972 --- [main] o.apache.catalina.core.StandardService   : Starting service [Tomcat]
2024-10-05T13:49:23.084+09:30  INFO 34972 --- [main] o.apache.catalina.core.StandardEngine    : Starting Servlet engine: [Apache Tomcat/10.1.8]
2024-10-05T13:49:23.108+09:30  INFO 34972 --- [main] o.a.c.c.C.[Tomcat].[localhost].[/]       : Initializing Spring embedded WebApplicationContext
2024-10-05T13:49:23.108+09:30  INFO 34972 --- [main] w.s.c.ServletWebServerApplicationContext : Root WebApplicationContext: initialization completed in 260 ms
2024-10-05T13:49:23.133+09:30  INFO 34972 --- [main] o.adelaide.service.AggregationService    : Successfully loaded weatherInfoMap, total records: 5 
2024-10-05T13:49:23.134+09:30  INFO 34972 --- [main] o.adelaide.service.AggregationService    : {"54794":{"IDS60901":{"weatherInfo":{"id":"IDS60901","name":"Adelaide","state":null,"time_zone":null,"lat":"0.0","lon":"0.0","local_date_time":null,"local_date_time_full":null,"air_temp":"23.5","apparent_t":"0.0","cloud":null,"dewpt":"0.0","press":"0.0","rel_hum":"0","wind_dir":null,"wind_spd_kmh":"0","wind_spd_kt":"0"},"lastUpdateTime":"1728041781114","versionId":"11"}},"8082":{},"54810":{"IDS60901":{"weatherInfo":{"id":"IDS60901","name":"Adelaide","state":null,"time_zone":null,"lat":"0.0","lon":"0.0","local_date_time":null,"local_date_time_full":null,"air_temp":"23.5","apparent_t":"0.0","cloud":null,"dewpt":"0.0","press":"0.0","rel_hum":"0","wind_dir":null,"wind_spd_kmh":"0","wind_spd_kt":"0"},"lastUpdateTime":"1728041822476","versionId":"21"}},"54821":{"IDS60901":{"weatherInfo":{"id":"IDS60901","name":"Adelaide","state":null,"time_zone":null,"lat":"0.0","lon":"0.0","local_date_time":null,"local_date_time_full":null,"air_temp":"23.5","apparent_t":"0.0","cloud":null,"dewpt":"0.0","press":"0.0","rel_hum":"0","wind_dir":null,"wind_spd_kmh":"0","wind_spd_kt":"0"},"lastUpdateTime":"1728041844525","versionId":"11"}},"54847":{"IDS60901":{"weatherInfo":{"id":"IDS60901","name":"Adelaide","state":null,"time_zone":null,"lat":"0.0","lon":"0.0","local_date_time":null,"local_date_time_full":null,"air_temp":"23.5","apparent_t":"0.0","cloud":null,"dewpt":"0.0","press":"0.0","rel_hum":"0","wind_dir":null,"wind_spd_kmh":"0","wind_spd_kt":"0"},"lastUpdateTime":"1728041857363","versionId":"21"}}}
2024-10-05T13:49:23.216+09:30  INFO 34972 --- [main] o.s.b.w.embedded.tomcat.TomcatWebServer  : Tomcat started on port(s): 4567 (http) with context path ''
2024-10-05T13:49:23.219+09:30  INFO 34972 --- [main] org.adelaide.AggregationApplication      : Started AggregationApplication in 0.523 seconds (process running for 0.699)
2024-10-05T13:49:33.152+09:30  INFO 34972 --- [http-nio-4567-exec-1] o.a.c.c.C.[Tomcat].[localhost].[/]       : Initializing Spring DispatcherServlet 'dispatcherServlet'
2024-10-05T13:49:33.152+09:30  INFO 34972 --- [http-nio-4567-exec-1] o.s.web.servlet.DispatcherServlet        : Initializing Servlet 'dispatcherServlet'
2024-10-05T13:49:33.153+09:30  INFO 34972 --- [http-nio-4567-exec-1] o.s.web.servlet.DispatcherServlet        : Completed initialization in 1 ms
2024-10-05T13:49:33.165+09:30  WARN 34972 --- [http-nio-4567-exec-1] ocalVariableTableParameterNameDiscoverer : Using deprecated '-debug' fallback for parameter name resolution. Compile the affected code with '-parameters' instead or avoid its introspection: org.adelaide.controller.AggregationController
2024-10-05T13:49:33.166+09:30  INFO 34972 --- [http-nio-4567-exec-1] o.adelaide.service.AggregationService    : Updating weather info with Lamport clock: 3
2024-10-05T13:49:33.231+09:30  INFO 34972 --- [http-nio-4567-exec-2] o.adelaide.service.AggregationService    : Updating weather info with Lamport clock: 7
2024-10-05T13:49:33.238+09:30  INFO 34972 --- [http-nio-4567-exec-3] o.adelaide.service.AggregationService    : Updating weather info with Lamport clock: 11
2024-10-05T14:49:12.648+09:30  INFO 36775 --- [main] org.adelaide.AggregationApplication      : Starting AggregationApplication using Java 17.0.12 with PID 36775 (/Users/qilinxin0421/DistributedSystemWork/aggregation-server/target/classes started by qilinxin0421 in /Users/qilinxin0421/DistributedSystemWork)
2024-10-05T14:49:12.649+09:30  INFO 36775 --- [main] org.adelaide.AggregationApplication      : No active profile set, falling back to 1 default profile: "default"
2024-10-05T14:49:12.900+09:30  INFO 36775 --- [main] o.s.b.w.embedded.tomcat.TomcatWebServer  : Tomcat initialized with port(s): 4567 (http)
2024-10-05T14:49:12.902+09:30  INFO 36775 --- [main] o.apache.catalina.core.StandardService   : Starting service [Tomcat]
2024-10-05T14:49:12.903+09:30  INFO 36775 --- [main] o.apache.catalina.core.StandardEngine    : Starting Servlet engine: [Apache Tomcat/10.1.8]
2024-10-05T14:49:12.928+09:30  INFO 36775 --- [main] o.a.c.c.C.[Tomcat].[localhost].[/]       : Initializing Spring embedded WebApplicationContext
2024-10-05T14:49:12.929+09:30  INFO 36775 --- [main] w.s.c.ServletWebServerApplicationContext : Root WebApplicationContext: initialization completed in 261 ms
2024-10-05T14:49:12.953+09:30  INFO 36775 --- [main] o.adelaide.service.AggregationService    : Successfully loaded weatherInfoMap, total records: 6 
2024-10-05T14:49:12.954+09:30  INFO 36775 --- [main] o.adelaide.service.AggregationService    : {"8082":{},"54794":{},"57603":{},"54810":{},"54821":{},"54847":{}}
2024-10-05T14:49:13.031+09:30  INFO 36775 --- [main] o.s.b.w.embedded.tomcat.TomcatWebServer  : Tomcat started on port(s): 4567 (http) with context path ''
2024-10-05T14:49:13.033+09:30  INFO 36775 --- [main] org.adelaide.AggregationApplication      : Started AggregationApplication in 0.52 seconds (process running for 0.692)
2024-10-05T14:49:18.157+09:30  INFO 36775 --- [http-nio-4567-exec-1] o.a.c.c.C.[Tomcat].[localhost].[/]       : Initializing Spring DispatcherServlet 'dispatcherServlet'
2024-10-05T14:49:18.157+09:30  INFO 36775 --- [http-nio-4567-exec-1] o.s.web.servlet.DispatcherServlet        : Initializing Servlet 'dispatcherServlet'
2024-10-05T14:49:18.158+09:30  INFO 36775 --- [http-nio-4567-exec-1] o.s.web.servlet.DispatcherServlet        : Completed initialization in 1 ms
2024-10-05T14:49:18.168+09:30  WARN 36775 --- [http-nio-4567-exec-1] ocalVariableTableParameterNameDiscoverer : Using deprecated '-debug' fallback for parameter name resolution. Compile the affected code with '-parameters' instead or avoid its introspection: org.adelaide.controller.AggregationController
2024-10-05T14:49:18.168+09:30  INFO 36775 --- [http-nio-4567-exec-1] o.adelaide.service.AggregationService    : Updating weather info with Lamport clock: 3
2024-10-05T14:49:18.245+09:30  INFO 36775 --- [http-nio-4567-exec-2] o.adelaide.service.AggregationService    : Updating weather info with Lamport clock: 7
2024-10-05T14:49:18.253+09:30  INFO 36775 --- [http-nio-4567-exec-3] o.adelaide.service.AggregationService    : Updating weather info with Lamport clock: 11
2024-10-05T14:49:50.818+09:30  INFO 36775 --- [http-nio-4567-exec-6] o.adelaide.service.AggregationService    : Updating weather info with Lamport clock: 13
2024-10-05T14:49:50.870+09:30  INFO 36775 --- [http-nio-4567-exec-7] o.adelaide.service.AggregationService    : Updating weather info with Lamport clock: 17
2024-10-05T14:49:50.877+09:30  INFO 36775 --- [http-nio-4567-exec-8] o.adelaide.service.AggregationService    : Updating weather info with Lamport clock: 21
2024-10-05T15:06:13.461+09:30  INFO 37574 --- [main] org.adelaide.AggregationApplication      : Starting AggregationApplication using Java 17.0.12 with PID 37574 (/Users/qilinxin0421/DistributedSystemWork/aggregation-server/target/classes started by qilinxin0421 in /Users/qilinxin0421/DistributedSystemWork)
2024-10-05T15:06:13.462+09:30  INFO 37574 --- [main] org.adelaide.AggregationApplication      : No active profile set, falling back to 1 default profile: "default"
2024-10-05T15:06:13.699+09:30  INFO 37574 --- [main] o.s.b.w.embedded.tomcat.TomcatWebServer  : Tomcat initialized with port(s): 4567 (http)
2024-10-05T15:06:13.702+09:30  INFO 37574 --- [main] o.apache.catalina.core.StandardService   : Starting service [Tomcat]
2024-10-05T15:06:13.702+09:30  INFO 37574 --- [main] o.apache.catalina.core.StandardEngine    : Starting Servlet engine: [Apache Tomcat/10.1.8]
2024-10-05T15:06:13.724+09:30  INFO 37574 --- [main] o.a.c.c.C.[Tomcat].[localhost].[/]       : Initializing Spring embedded WebApplicationContext
2024-10-05T15:06:13.724+09:30  INFO 37574 --- [main] w.s.c.ServletWebServerApplicationContext : Root WebApplicationContext: initialization completed in 249 ms
2024-10-05T15:06:13.750+09:30  INFO 37574 --- [main] o.adelaide.service.AggregationService    : Successfully loaded weatherInfoMap, total records: 8 
2024-10-05T15:06:13.750+09:30  INFO 37574 --- [main] o.adelaide.service.AggregationService    : {"8082":{},"58595":{},"54794":{},"57603":{},"58609":{},"54810":{},"54821":{},"54847":{}}
2024-10-05T15:06:13.829+09:30  INFO 37574 --- [main] o.s.b.w.embedded.tomcat.TomcatWebServer  : Tomcat started on port(s): 4567 (http) with context path ''
2024-10-05T15:06:13.832+09:30  INFO 37574 --- [main] org.adelaide.AggregationApplication      : Started AggregationApplication in 0.51 seconds (process running for 0.684)
2024-10-05T15:06:30.889+09:30  INFO 37574 --- [http-nio-4567-exec-1] o.a.c.c.C.[Tomcat].[localhost].[/]       : Initializing Spring DispatcherServlet 'dispatcherServlet'
2024-10-05T15:06:30.890+09:30  INFO 37574 --- [http-nio-4567-exec-1] o.s.web.servlet.DispatcherServlet        : Initializing Servlet 'dispatcherServlet'
2024-10-05T15:06:30.890+09:30  INFO 37574 --- [http-nio-4567-exec-1] o.s.web.servlet.DispatcherServlet        : Completed initialization in 0 ms
2024-10-05T15:06:30.898+09:30  WARN 37574 --- [http-nio-4567-exec-1] ocalVariableTableParameterNameDiscoverer : Using deprecated '-debug' fallback for parameter name resolution. Compile the affected code with '-parameters' instead or avoid its introspection: org.adelaide.controller.AggregationController
2024-10-05T22:26:37.012+09:30  INFO 40032 --- [main] org.adelaide.AggregationApplication      : Starting AggregationApplication using Java 17.0.12 with PID 40032 (/Users/qilinxin0421/DistributedSystemWork/aggregation-server/target/classes started by qilinxin0421 in /Users/qilinxin0421/DistributedSystemWork)
2024-10-05T22:26:37.013+09:30  INFO 40032 --- [main] org.adelaide.AggregationApplication      : No active profile set, falling back to 1 default profile: "default"
2024-10-05T22:26:37.244+09:30  INFO 40032 --- [main] o.s.b.w.embedded.tomcat.TomcatWebServer  : Tomcat initialized with port(s): 4567 (http)
2024-10-05T22:26:37.247+09:30  INFO 40032 --- [main] o.apache.catalina.core.StandardService   : Starting service [Tomcat]
2024-10-05T22:26:37.247+09:30  INFO 40032 --- [main] o.apache.catalina.core.StandardEngine    : Starting Servlet engine: [Apache Tomcat/10.1.8]
2024-10-05T22:26:37.272+09:30  INFO 40032 --- [main] o.a.c.c.C.[Tomcat].[localhost].[/]       : Initializing Spring embedded WebApplicationContext
2024-10-05T22:26:37.272+09:30  INFO 40032 --- [main] w.s.c.ServletWebServerApplicationContext : Root WebApplicationContext: initialization completed in 244 ms
2024-10-05T22:26:37.297+09:30  INFO 40032 --- [main] o.adelaide.service.AggregationService    : Successfully loaded weatherInfoMap, total records: 1 
2024-10-05T22:26:37.297+09:30  INFO 40032 --- [main] o.adelaide.service.AggregationService    : {"abcd":{}}
2024-10-05T22:26:37.374+09:30  INFO 40032 --- [main] o.s.b.w.embedded.tomcat.TomcatWebServer  : Tomcat started on port(s): 4567 (http) with context path ''
2024-10-05T22:26:37.377+09:30  INFO 40032 --- [main] org.adelaide.AggregationApplication      : Started AggregationApplication in 0.498 seconds (process running for 0.687)
2024-10-05T22:26:38.929+09:30  INFO 40032 --- [http-nio-4567-exec-1] o.a.c.c.C.[Tomcat].[localhost].[/]       : Initializing Spring DispatcherServlet 'dispatcherServlet'
2024-10-05T22:26:38.930+09:30  INFO 40032 --- [http-nio-4567-exec-1] o.s.web.servlet.DispatcherServlet        : Initializing Servlet 'dispatcherServlet'
2024-10-05T22:26:38.931+09:30  INFO 40032 --- [http-nio-4567-exec-1] o.s.web.servlet.DispatcherServlet        : Completed initialization in 1 ms
2024-10-05T22:26:38.945+09:30  WARN 40032 --- [http-nio-4567-exec-1] ocalVariableTableParameterNameDiscoverer : Using deprecated '-debug' fallback for parameter name resolution. Compile the affected code with '-parameters' instead or avoid its introspection: org.adelaide.controller.AggregationController
2024-10-05T22:26:38.945+09:30  INFO 40032 --- [http-nio-4567-exec-1] o.adelaide.service.AggregationService    : Updating weather info with Lamport clock: 5
2024-10-05T22:26:39.027+09:30  INFO 40032 --- [http-nio-4567-exec-2] o.adelaide.service.AggregationService    : Updating weather info with Lamport clock: 9
2024-10-05T22:26:39.034+09:30  INFO 40032 --- [http-nio-4567-exec-3] o.adelaide.service.AggregationService    : Updating weather info with Lamport clock: 13
2024-10-05T22:34:28.579+09:30  INFO 40032 --- [http-nio-4567-exec-6] o.adelaide.service.AggregationService    : Updating weather info with Lamport clock: 15
2024-10-05T22:34:28.646+09:30  INFO 40032 --- [http-nio-4567-exec-7] o.adelaide.service.AggregationService    : Updating weather info with Lamport clock: 19
2024-10-05T22:34:28.653+09:30  INFO 40032 --- [http-nio-4567-exec-8] o.adelaide.service.AggregationService    : Updating weather info with Lamport clock: 23
2024-10-05T22:40:42.870+09:30  INFO 40866 --- [main] org.adelaide.AggregationApplication      : Starting AggregationApplication using Java 17.0.12 with PID 40866 (/Users/qilinxin0421/DistributedSystemWork/aggregation-server/target/classes started by qilinxin0421 in /Users/qilinxin0421/DistributedSystemWork)
2024-10-05T22:40:42.871+09:30  INFO 40866 --- [main] org.adelaide.AggregationApplication      : No active profile set, falling back to 1 default profile: "default"
2024-10-05T22:40:43.119+09:30  INFO 40866 --- [main] o.s.b.w.embedded.tomcat.TomcatWebServer  : Tomcat initialized with port(s): 4567 (http)
2024-10-05T22:40:43.122+09:30  INFO 40866 --- [main] o.apache.catalina.core.StandardService   : Starting service [Tomcat]
2024-10-05T22:40:43.122+09:30  INFO 40866 --- [main] o.apache.catalina.core.StandardEngine    : Starting Servlet engine: [Apache Tomcat/10.1.8]
2024-10-05T22:40:43.147+09:30  INFO 40866 --- [main] o.a.c.c.C.[Tomcat].[localhost].[/]       : Initializing Spring embedded WebApplicationContext
2024-10-05T22:40:43.147+09:30  INFO 40866 --- [main] w.s.c.ServletWebServerApplicationContext : Root WebApplicationContext: initialization completed in 262 ms
2024-10-05T22:40:43.171+09:30  INFO 40866 --- [main] o.adelaide.service.AggregationService    : currentPath ====== /Users/qilinxin0421/DistributedSystemWork/weatherInfoMap.json
2024-10-05T22:40:43.172+09:30  INFO 40866 --- [main] o.adelaide.service.AggregationService    : newPath ====== /Users/qilinxin0421/DistributedSystemWork/weatherInfoMap.json
2024-10-05T22:40:43.176+09:30  INFO 40866 --- [main] o.adelaide.service.AggregationService    : Successfully loaded weatherInfoMap, total records: 1 
2024-10-05T22:40:43.177+09:30  INFO 40866 --- [main] o.adelaide.service.AggregationService    : {"abcd":{"Capacity9":{"weatherInfo":{"id":"Capacity9","name":"Location 97","state":"SA","time_zone":"CST","lat":"0.6028037892233838","lon":"0.051768596369929476","local_date_time":"15/1:00pm","local_date_time_full":"202409301669","air_temp":"8.813114979322975","apparent_t":"8.153731983598316","cloud":"Partly cloudy","dewpt":"4.3478974948012326","press":"14.606943281179575","rel_hum":"39","wind_dir":"N","wind_spd_kmh":"8","wind_spd_kt":"4"},"lastUpdateTime":"1728133725285","versionId":"143"},"Capacity8":{"weatherInfo":{"id":"Capacity8","name":"Location 87","state":"SA","time_zone":"CST","lat":"0.7854133997782956","lon":"0.09319808129502838","local_date_time":"15/8:00pm","local_date_time_full":"202409301630","air_temp":"5.909766349538936","apparent_t":"1.2032447533300328","cloud":"Partly cloudy","dewpt":"1.478570004581043","press":"38.921730514046246","rel_hum":"16","wind_dir":"S","wind_spd_kmh":"6","wind_spd_kt":"3"},"lastUpdateTime":"1728133725284","versionId":"141"},"Capacity7":{"weatherInfo":{"id":"Capacity7","name":"Location 8","state":"SA","time_zone":"CST","lat":"0.797639211358389","lon":"0.5307707230305956","local_date_time":"15/6:00pm","local_date_time_full":"202409301693","air_temp":"1.1195086675734778","apparent_t":"7.7405290468294545","cloud":"Partly cloudy","dewpt":"4.474598102566502","press":"3.2832088610231844","rel_hum":"3","wind_dir":"S","wind_spd_kmh":"19","wind_spd_kt":"9"},"lastUpdateTime":"1728133725283","versionId":"139"},"Capacity6":{"weatherInfo":{"id":"Capacity6","name":"Location 31","state":"SA","time_zone":"CST","lat":"0.6187227737464754","lon":"0.801477519574019","local_date_time":"15/4:00pm","local_date_time_full":"202409301689","air_temp":"8.233411678564957","apparent_t":"2.749051230767904","cloud":"Clear","dewpt":"4.937105158393991","press":"46.473045370879916","rel_hum":"4","wind_dir":"N","wind_spd_kmh":"16","wind_spd_kt":"8"},"lastUpdateTime":"1728133725281","versionId":"137"},"Capacity13":{"weatherInfo":{"id":"Capacity13","name":"Location 64","state":"SA","time_zone":"CST","lat":"0.7309290594728779","lon":"0.9965715073277933","local_date_time":"15/4:00pm","local_date_time_full":"202409301628","air_temp":"0.5215539997591401","apparent_t":"7.311397086075124","cloud":"Clear","dewpt":"4.3002838657907025","press":"28.343719962799156","rel_hum":"23","wind_dir":"S","wind_spd_kmh":"3","wind_spd_kt":"1"},"lastUpdateTime":"1728133725290","versionId":"151"},"Capacity24":{"weatherInfo":{"id":"Capacity24","name":"Location 74","state":"SA","time_zone":"CST","lat":"0.026186716616519945","lon":"0.8915715283584672","local_date_time":"15/2:00pm","local_date_time_full":"202409301623","air_temp":"5.033684159123329","apparent_t":"5.989504003524331","cloud":"Partly cloudy","dewpt":"3.8803777626225404","press":"6.18743187150984","rel_hum":"12","wind_dir":"N","wind_spd_kmh":"16","wind_spd_kt":"8"},"lastUpdateTime":"1728133725303","versionId":"173"},"Capacity14":{"weatherInfo":{"id":"Capacity14","name":"Location 85","state":"SA","time_zone":"CST","lat":"0.3431564092002113","lon":"0.23646498214036737","local_date_time":"15/8:00pm","local_date_time_full":"202409301675","air_temp":"5.467166580545195","apparent_t":"7.155021904800652","cloud":"Clear","dewpt":"2.806571499182798","press":"32.55320970296886","rel_hum":"49","wind_dir":"N","wind_spd_kmh":"15","wind_spd_kt":"7"},"lastUpdateTime":"1728133725291","versionId":"153"},"Capacity25":{"weatherInfo":{"id":"Capacity25","name":"Location 40","state":"SA","time_zone":"CST","lat":"0.48461480369284216","lon":"0.9966080410659766","local_date_time":"15/2:00pm","local_date_time_full":"202409301600","air_temp":"6.743171144811782","apparent_t":"2.8739278571087654","cloud":"Partly cloudy","dewpt":"4.4888573996719625","press":"12.155832104444448","rel_hum":"19","wind_dir":"N","wind_spd_kmh":"2","wind_spd_kt":"1"},"lastUpdateTime":"1728133725305","versionId":"175"},"Capacity15":{"weatherInfo":{"id":"Capacity15","name":"Location 65","state":"SA","time_zone":"CST","lat":"0.6341302103567265","lon":"0.24382899147911052","local_date_time":"15/5:00pm","local_date_time_full":"202409301665","air_temp":"8.200066205119972","apparent_t":"5.263774534744947","cloud":"Clear","dewpt":"2.256219083650204","press":"15.393516621601078","rel_hum":"36","wind_dir":"S","wind_spd_kmh":"9","wind_spd_kt":"4"},"lastUpdateTime":"1728133725292","versionId":"155"},"Capacity16":{"weatherInfo":{"id":"Capacity16","name":"Location 25","state":"SA","time_zone":"CST","lat":"0.7556096822411937","lon":"0.20564632056554344","local_date_time":"15/1:00pm","local_date_time_full":"202409301654","air_temp":"5.093914393619691","apparent_t":"6.90813672200891","cloud":"Partly cloudy","dewpt":"1.0388326302173367","press":"35.64389242044628","rel_hum":"21","wind_dir":"S","wind_spd_kmh":"1","wind_spd_kt":"0"},"lastUpdateTime":"1728133725294","versionId":"157"},"Capacity20":{"weatherInfo":{"id":"Capacity20","name":"Location 24","state":"SA","time_zone":"CST","lat":"0.5455030528113262","lon":"0.04939114410817702","local_date_time":"15/11:00pm","local_date_time_full":"202409301609","air_temp":"4.911616939274047","apparent_t":"7.343770533272242","cloud":"Partly cloudy","dewpt":"0.592215686065351","press":"6.9763269327974715","rel_hum":"31","wind_dir":"S","wind_spd_kmh":"12","wind_spd_kt":"6"},"lastUpdateTime":"1728133725298","versionId":"165"},"Capacity10":{"weatherInfo":{"id":"Capacity10","name":"Location 31","state":"SA","time_zone":"CST","lat":"0.7159296709665741","lon":"0.406693348801362","local_date_time":"15/12:00pm","local_date_time_full":"202409301625","air_temp":"5.754780301811446","apparent_t":"8.52424399814753","cloud":"Partly cloudy","dewpt":"2.169113045576539","press":"30.43393226287479","rel_hum":"35","wind_dir":"S","wind_spd_kmh":"7","wind_spd_kt":"3"},"lastUpdateTime":"1728133725286","versionId":"145"},"Capacity21":{"weatherInfo":{"id":"Capacity21","name":"Location 81","state":"SA","time_zone":"CST","lat":"0.12884748117882638","lon":"0.206267885341457","local_date_time":"15/1:00pm","local_date_time_full":"202409301653","air_temp":"4.431422413387845","apparent_t":"2.6543711538776815","cloud":"Partly cloudy","dewpt":"3.9924365158528796","press":"44.85851866723268","rel_hum":"32","wind_dir":"S","wind_spd_kmh":"13","wind_spd_kt":"6"},"lastUpdateTime":"1728133725300","versionId":"167"},"Capacity11":{"weatherInfo":{"id":"Capacity11","name":"Location 88","state":"SA","time_zone":"CST","lat":"0.761809187969383","lon":"0.35950852673190936","local_date_time":"15/7:00pm","local_date_time_full":"202409301634","air_temp":"8.919305113921398","apparent_t":"7.346971530506136","cloud":"Clear","dewpt":"0.9376499021793339","press":"5.672952635264012","rel_hum":"19","wind_dir":"S","wind_spd_kmh":"19","wind_spd_kt":"9"},"lastUpdateTime":"1728133725288","versionId":"147"},"Capacity22":{"weatherInfo":{"id":"Capacity22","name":"Location 83","state":"SA","time_zone":"CST","lat":"0.6710361639231537","lon":"0.9373444899363117","local_date_time":"15/3:00pm","local_date_time_full":"202409301607","air_temp":"5.842445688836485","apparent_t":"7.401846716288175","cloud":"Clear","dewpt":"0.13573755026016376","press":"9.595478108711076","rel_hum":"45","wind_dir":"S","wind_spd_kmh":"6","wind_spd_kt":"3"},"lastUpdateTime":"1728133725301","versionId":"169"},"Capacity12":{"weatherInfo":{"id":"Capacity12","name":"Location 94","state":"SA","time_zone":"CST","lat":"0.43549647283146775","lon":"0.8243248894769849","local_date_time":"15/12:00pm","local_date_time_full":"202409301674","air_temp":"6.110590437974151","apparent_t":"4.268924092862903","cloud":"Partly cloudy","dewpt":"0.9778126630759981","press":"32.09224541998039","rel_hum":"24","wind_dir":"N","wind_spd_kmh":"14","wind_spd_kt":"7"},"lastUpdateTime":"1728133725289","versionId":"149"},"Capacity23":{"weatherInfo":{"id":"Capacity23","name":"Location 34","state":"SA","time_zone":"CST","lat":"0.34230707226923485","lon":"0.456103996911846","local_date_time":"15/8:00pm","local_date_time_full":"202409301672","air_temp":"3.3205366260818767","apparent_t":"1.8945134201734992","cloud":"Clear","dewpt":"4.3281069259806255","press":"18.81633553411296","rel_hum":"37","wind_dir":"S","wind_spd_kmh":"4","wind_spd_kt":"2"},"lastUpdateTime":"1728133725302","versionId":"171"},"Capacity17":{"weatherInfo":{"id":"Capacity17","name":"Location 42","state":"SA","time_zone":"CST","lat":"0.0998460701299031","lon":"0.8441250284670746","local_date_time":"15/4:00pm","local_date_time_full":"202409301691","air_temp":"7.071197341205412","apparent_t":"1.0710368285441696","cloud":"Partly cloudy","dewpt":"2.015802239494051","press":"28.954578829641164","rel_hum":"17","wind_dir":"N","wind_spd_kmh":"15","wind_spd_kt":"7"},"lastUpdateTime":"1728133725295","versionId":"159"},"Capacity18":{"weatherInfo":{"id":"Capacity18","name":"Location 88","state":"SA","time_zone":"CST","lat":"0.4146729945138131","lon":"0.2797940779089032","local_date_time":"15/4:00pm","local_date_time_full":"202409301625","air_temp":"4.508879737723198","apparent_t":"5.068258303152153","cloud":"Partly cloudy","dewpt":"4.849713413118845","press":"40.918435748372715","rel_hum":"2","wind_dir":"S","wind_spd_kmh":"12","wind_spd_kt":"6"},"lastUpdateTime":"1728133725296","versionId":"161"},"Capacity19":{"weatherInfo":{"id":"Capacity19","name":"Location 59","state":"SA","time_zone":"CST","lat":"0.09599183634182851","lon":"0.6151933130663231","local_date_time":"15/2:00pm","local_date_time_full":"202409301677","air_temp":"0.23496554259240354","apparent_t":"1.2590694921903345","cloud":"Partly cloudy","dewpt":"3.818289133624547","press":"0.7789051079991116","rel_hum":"40","wind_dir":"S","wind_spd_kmh":"8","wind_spd_kt":"4"},"lastUpdateTime":"1728133725297","versionId":"163"}}}
2024-10-05T22:40:43.178+09:30  INFO 40866 --- [pool-2-thread-1] o.adelaide.service.AggregationService    : currentPath ====== /Users/qilinxin0421/DistributedSystemWork/weatherInfoMap.json
2024-10-05T22:40:43.178+09:30  INFO 40866 --- [pool-2-thread-1] o.adelaide.service.AggregationService    : newPath ====== /Users/qilinxin0421/DistributedSystemWork/weatherInfoMap.json
2024-10-05T22:40:43.265+09:30  INFO 40866 --- [main] o.s.b.w.embedded.tomcat.TomcatWebServer  : Tomcat started on port(s): 4567 (http) with context path ''
2024-10-05T22:40:43.268+09:30  INFO 40866 --- [main] org.adelaide.AggregationApplication      : Started AggregationApplication in 0.537 seconds (process running for 0.715)
2024-10-05T22:40:56.667+09:30  INFO 40866 --- [http-nio-4567-exec-1] o.a.c.c.C.[Tomcat].[localhost].[/]       : Initializing Spring DispatcherServlet 'dispatcherServlet'
2024-10-05T22:40:56.667+09:30  INFO 40866 --- [http-nio-4567-exec-1] o.s.web.servlet.DispatcherServlet        : Initializing Servlet 'dispatcherServlet'
2024-10-05T22:40:56.668+09:30  INFO 40866 --- [http-nio-4567-exec-1] o.s.web.servlet.DispatcherServlet        : Completed initialization in 1 ms
2024-10-05T22:40:56.678+09:30  WARN 40866 --- [http-nio-4567-exec-1] ocalVariableTableParameterNameDiscoverer : Using deprecated '-debug' fallback for parameter name resolution. Compile the affected code with '-parameters' instead or avoid its introspection: org.adelaide.controller.AggregationController
2024-10-05T22:40:56.679+09:30  INFO 40866 --- [http-nio-4567-exec-1] o.adelaide.service.AggregationService    : Updating weather info with Lamport clock: 3
2024-10-05T22:40:56.679+09:30  INFO 40866 --- [http-nio-4567-exec-1] o.adelaide.service.AggregationService    : currentPath ====== /Users/qilinxin0421/DistributedSystemWork/weatherInfoMap.json
2024-10-05T22:40:56.679+09:30  INFO 40866 --- [http-nio-4567-exec-1] o.adelaide.service.AggregationService    : newPath ====== /Users/qilinxin0421/DistributedSystemWork/weatherInfoMap.json
2024-10-05T22:40:56.742+09:30  INFO 40866 --- [http-nio-4567-exec-2] o.adelaide.service.AggregationService    : Updating weather info with Lamport clock: 7
2024-10-05T22:40:56.743+09:30  INFO 40866 --- [http-nio-4567-exec-2] o.adelaide.service.AggregationService    : currentPath ====== /Users/qilinxin0421/DistributedSystemWork/weatherInfoMap.json
2024-10-05T22:40:56.743+09:30  INFO 40866 --- [http-nio-4567-exec-2] o.adelaide.service.AggregationService    : newPath ====== /Users/qilinxin0421/DistributedSystemWork/weatherInfoMap.json
2024-10-05T22:40:56.750+09:30  INFO 40866 --- [http-nio-4567-exec-3] o.adelaide.service.AggregationService    : Updating weather info with Lamport clock: 11
2024-10-05T22:40:56.751+09:30  INFO 40866 --- [http-nio-4567-exec-3] o.adelaide.service.AggregationService    : currentPath ====== /Users/qilinxin0421/DistributedSystemWork/weatherInfoMap.json
2024-10-05T22:40:56.751+09:30  INFO 40866 --- [http-nio-4567-exec-3] o.adelaide.service.AggregationService    : newPath ====== /Users/qilinxin0421/DistributedSystemWork/weatherInfoMap.json
2024-10-05T22:42:07.671+09:30  INFO 40987 --- [main] org.adelaide.AggregationApplication      : Starting AggregationApplication using Java 17.0.12 with PID 40987 (/Users/qilinxin0421/DistributedSystemWork/aggregation-server/target/classes started by qilinxin0421 in /Users/qilinxin0421/DistributedSystemWork)
2024-10-05T22:42:07.672+09:30  INFO 40987 --- [main] org.adelaide.AggregationApplication      : No active profile set, falling back to 1 default profile: "default"
2024-10-05T22:42:07.912+09:30  INFO 40987 --- [main] o.s.b.w.embedded.tomcat.TomcatWebServer  : Tomcat initialized with port(s): 4567 (http)
2024-10-05T22:42:07.915+09:30  INFO 40987 --- [main] o.apache.catalina.core.StandardService   : Starting service [Tomcat]
2024-10-05T22:42:07.915+09:30  INFO 40987 --- [main] o.apache.catalina.core.StandardEngine    : Starting Servlet engine: [Apache Tomcat/10.1.8]
2024-10-05T22:42:07.938+09:30  INFO 40987 --- [main] o.a.c.c.C.[Tomcat].[localhost].[/]       : Initializing Spring embedded WebApplicationContext
2024-10-05T22:42:07.938+09:30  INFO 40987 --- [main] w.s.c.ServletWebServerApplicationContext : Root WebApplicationContext: initialization completed in 251 ms
2024-10-05T22:42:07.960+09:30  INFO 40987 --- [main] o.adelaide.service.AggregationService    : currentPath ====== /Users/qilinxin0421/DistributedSystemWork/weatherInfoMap.json
2024-10-05T22:42:07.961+09:30  INFO 40987 --- [main] o.adelaide.service.AggregationService    : newPath ====== /Users/qilinxin0421/DistributedSystemWork/weatherInfoMap.json
2024-10-05T22:42:07.963+09:30  INFO 40987 --- [main] o.adelaide.service.AggregationService    : Successfully loaded weatherInfoMap, total records: 2 
2024-10-05T22:42:07.964+09:30  INFO 40987 --- [main] o.adelaide.service.AggregationService    : {"60196":{"IDS60901":{"weatherInfo":{"id":"IDS60901","name":"Adelaide","state":null,"time_zone":null,"lat":"0.0","lon":"0.0","local_date_time":null,"local_date_time_full":null,"air_temp":"23.5","apparent_t":"0.0","cloud":null,"dewpt":"0.0","press":"0.0","rel_hum":"0","wind_dir":null,"wind_spd_kmh":"0","wind_spd_kt":"0"},"lastUpdateTime":"1728133856751","versionId":"11"}},"abcd":{}}
2024-10-05T22:42:07.964+09:30  INFO 40987 --- [pool-2-thread-1] o.adelaide.service.AggregationService    : currentPath ====== /Users/qilinxin0421/DistributedSystemWork/weatherInfoMap.json
2024-10-05T22:42:07.964+09:30  INFO 40987 --- [pool-2-thread-1] o.adelaide.service.AggregationService    : newPath ====== /Users/qilinxin0421/DistributedSystemWork/weatherInfoMap.json
2024-10-05T22:42:08.044+09:30  INFO 40987 --- [main] o.s.b.w.embedded.tomcat.TomcatWebServer  : Tomcat started on port(s): 4567 (http) with context path ''
2024-10-05T22:42:08.047+09:30  INFO 40987 --- [main] org.adelaide.AggregationApplication      : Started AggregationApplication in 0.521 seconds (process running for 0.704)
2024-10-05T22:42:20.915+09:30  INFO 40987 --- [http-nio-4567-exec-1] o.a.c.c.C.[Tomcat].[localhost].[/]       : Initializing Spring DispatcherServlet 'dispatcherServlet'
2024-10-05T22:42:20.916+09:30  INFO 40987 --- [http-nio-4567-exec-1] o.s.web.servlet.DispatcherServlet        : Initializing Servlet 'dispatcherServlet'
2024-10-05T22:42:20.916+09:30  INFO 40987 --- [http-nio-4567-exec-1] o.s.web.servlet.DispatcherServlet        : Completed initialization in 0 ms
2024-10-05T22:42:20.927+09:30  WARN 40987 --- [http-nio-4567-exec-1] ocalVariableTableParameterNameDiscoverer : Using deprecated '-debug' fallback for parameter name resolution. Compile the affected code with '-parameters' instead or avoid its introspection: org.adelaide.controller.AggregationController
2024-10-05T22:42:20.928+09:30  INFO 40987 --- [http-nio-4567-exec-1] o.adelaide.service.AggregationService    : Updating weather info with Lamport clock: 3
2024-10-05T22:42:20.928+09:30  INFO 40987 --- [http-nio-4567-exec-1] o.adelaide.service.AggregationService    : currentPath ====== /Users/qilinxin0421/DistributedSystemWork/weatherInfoMap.json
2024-10-05T22:42:20.928+09:30  INFO 40987 --- [http-nio-4567-exec-1] o.adelaide.service.AggregationService    : newPath ====== /Users/qilinxin0421/DistributedSystemWork/weatherInfoMap.json
2024-10-05T22:42:21.004+09:30  INFO 40987 --- [http-nio-4567-exec-2] o.adelaide.service.AggregationService    : Updating weather info with Lamport clock: 7
2024-10-05T22:42:21.004+09:30  INFO 40987 --- [http-nio-4567-exec-2] o.adelaide.service.AggregationService    : currentPath ====== /Users/qilinxin0421/DistributedSystemWork/weatherInfoMap.json
2024-10-05T22:42:21.004+09:30  INFO 40987 --- [http-nio-4567-exec-2] o.adelaide.service.AggregationService    : newPath ====== /Users/qilinxin0421/DistributedSystemWork/weatherInfoMap.json
2024-10-05T22:42:21.011+09:30  INFO 40987 --- [http-nio-4567-exec-3] o.adelaide.service.AggregationService    : Updating weather info with Lamport clock: 11
2024-10-05T22:42:21.011+09:30  INFO 40987 --- [http-nio-4567-exec-3] o.adelaide.service.AggregationService    : currentPath ====== /Users/qilinxin0421/DistributedSystemWork/weatherInfoMap.json
2024-10-05T22:42:21.011+09:30  INFO 40987 --- [http-nio-4567-exec-3] o.adelaide.service.AggregationService    : newPath ====== /Users/qilinxin0421/DistributedSystemWork/weatherInfoMap.json
2024-10-05T22:42:52.965+09:30  INFO 40987 --- [pool-2-thread-1] o.adelaide.service.AggregationService    : currentPath ====== /Users/qilinxin0421/DistributedSystemWork/weatherInfoMap.json
2024-10-05T22:42:52.967+09:30  INFO 40987 --- [pool-2-thread-1] o.adelaide.service.AggregationService    : newPath ====== /Users/qilinxin0421/DistributedSystemWork/weatherInfoMap.json
2024-10-05T22:46:17.768+09:30  INFO 41302 --- [main] org.adelaide.AggregationApplication      : Starting AggregationApplication using Java 17.0.12 with PID 41302 (/Users/qilinxin0421/DistributedSystemWork/aggregation-server/target/classes started by qilinxin0421 in /Users/qilinxin0421/DistributedSystemWork)
2024-10-05T22:46:17.770+09:30  INFO 41302 --- [main] org.adelaide.AggregationApplication      : No active profile set, falling back to 1 default profile: "default"
2024-10-05T22:46:18.012+09:30  INFO 41302 --- [main] o.s.b.w.embedded.tomcat.TomcatWebServer  : Tomcat initialized with port(s): 4567 (http)
2024-10-05T22:46:18.015+09:30  INFO 41302 --- [main] o.apache.catalina.core.StandardService   : Starting service [Tomcat]
2024-10-05T22:46:18.015+09:30  INFO 41302 --- [main] o.apache.catalina.core.StandardEngine    : Starting Servlet engine: [Apache Tomcat/10.1.8]
2024-10-05T22:46:18.037+09:30  INFO 41302 --- [main] o.a.c.c.C.[Tomcat].[localhost].[/]       : Initializing Spring embedded WebApplicationContext
2024-10-05T22:46:18.037+09:30  INFO 41302 --- [main] w.s.c.ServletWebServerApplicationContext : Root WebApplicationContext: initialization completed in 254 ms
2024-10-05T22:46:18.060+09:30  INFO 41302 --- [main] o.adelaide.service.AggregationService    : currentPath ====== /Users/qilinxin0421/DistributedSystemWork/weatherInfoMap.json
2024-10-05T22:46:18.060+09:30  INFO 41302 --- [main] o.adelaide.service.AggregationService    : newPath ====== /Users/qilinxin0421/DistributedSystemWork/weatherInfoMap.json
2024-10-05T22:46:18.062+09:30  INFO 41302 --- [main] o.adelaide.service.AggregationService    : Successfully loaded weatherInfoMap, total records: 1 
2024-10-05T22:46:18.063+09:30  INFO 41302 --- [main] o.adelaide.service.AggregationService    : {"abcd":{}}
2024-10-05T22:46:18.144+09:30  INFO 41302 --- [main] o.s.b.w.embedded.tomcat.TomcatWebServer  : Tomcat started on port(s): 4567 (http) with context path ''
2024-10-05T22:46:18.147+09:30  INFO 41302 --- [main] org.adelaide.AggregationApplication      : Started AggregationApplication in 0.517 seconds (process running for 0.679)
2024-10-05T23:37:51.378+09:30  INFO 44335 --- [main] org.adelaide.AggregationApplication      : Starting AggregationApplication using Java 17.0.12 with PID 44335 (/Users/qilinxin0421/DistributedSystemWork/aggregation-server/target/classes started by qilinxin0421 in /Users/qilinxin0421/DistributedSystemWork)
2024-10-05T23:37:51.379+09:30  INFO 44335 --- [main] org.adelaide.AggregationApplication      : No active profile set, falling back to 1 default profile: "default"
2024-10-05T23:37:51.624+09:30  INFO 44335 --- [main] o.s.b.w.embedded.tomcat.TomcatWebServer  : Tomcat initialized with port(s): 4567 (http)
2024-10-05T23:37:51.627+09:30  INFO 44335 --- [main] o.apache.catalina.core.StandardService   : Starting service [Tomcat]
2024-10-05T23:37:51.627+09:30  INFO 44335 --- [main] o.apache.catalina.core.StandardEngine    : Starting Servlet engine: [Apache Tomcat/10.1.8]
2024-10-05T23:37:51.650+09:30  INFO 44335 --- [main] o.a.c.c.C.[Tomcat].[localhost].[/]       : Initializing Spring embedded WebApplicationContext
2024-10-05T23:37:51.650+09:30  INFO 44335 --- [main] w.s.c.ServletWebServerApplicationContext : Root WebApplicationContext: initialization completed in 258 ms
2024-10-05T23:37:51.673+09:30  INFO 44335 --- [main] o.adelaide.service.AggregationService    : currentPath ====== /Users/qilinxin0421/DistributedSystemWork/weatherInfoMap.json
2024-10-05T23:37:51.673+09:30  INFO 44335 --- [main] o.adelaide.service.AggregationService    : newPath ====== /Users/qilinxin0421/DistributedSystemWork/weatherInfoMap.json
2024-10-05T23:37:51.673+09:30 ERROR 44335 --- [main] o.adelaide.service.AggregationService    : new Absolute path of the file: /Users/qilinxin0421/DistributedSystemWork/weatherInfoMap.json
2024-10-05T23:37:51.673+09:30  INFO 44335 --- [main] o.adelaide.service.AggregationService    : new Absolute path of the file: /Users/qilinxin0421/DistributedSystemWork/weatherInfoMap.json
2024-10-05T23:37:51.676+09:30  INFO 44335 --- [main] o.adelaide.service.AggregationService    : Successfully loaded weatherInfoMap, total records: 1 
2024-10-05T23:37:51.676+09:30  INFO 44335 --- [main] o.adelaide.service.AggregationService    : {"abcd":{}}
2024-10-05T23:37:51.758+09:30  INFO 44335 --- [main] o.s.b.w.embedded.tomcat.TomcatWebServer  : Tomcat started on port(s): 4567 (http) with context path ''
2024-10-05T23:37:51.761+09:30  INFO 44335 --- [main] org.adelaide.AggregationApplication      : Started AggregationApplication in 0.512 seconds (process running for 0.678)
2024-10-05T23:37:53.378+09:30  INFO 44335 --- [http-nio-4567-exec-1] o.a.c.c.C.[Tomcat].[localhost].[/]       : Initializing Spring DispatcherServlet 'dispatcherServlet'
2024-10-05T23:37:53.379+09:30  INFO 44335 --- [http-nio-4567-exec-1] o.s.web.servlet.DispatcherServlet        : Initializing Servlet 'dispatcherServlet'
2024-10-05T23:37:53.379+09:30  INFO 44335 --- [http-nio-4567-exec-1] o.s.web.servlet.DispatcherServlet        : Completed initialization in 0 ms
2024-10-05T23:38:04.664+09:30  WARN 44335 --- [http-nio-4567-exec-5] ocalVariableTableParameterNameDiscoverer : Using deprecated '-debug' fallback for parameter name resolution. Compile the affected code with '-parameters' instead or avoid its introspection: org.adelaide.controller.AggregationController
2024-10-05T23:55:20.096+09:30  INFO 44949 --- [main] org.adelaide.AggregationApplication      : Starting AggregationApplication using Java 17.0.12 with PID 44949 (/Users/qilinxin0421/DistributedSystemWork/aggregation-server/target/classes started by qilinxin0421 in /Users/qilinxin0421/DistributedSystemWork)
2024-10-05T23:55:20.097+09:30  INFO 44949 --- [main] org.adelaide.AggregationApplication      : No active profile set, falling back to 1 default profile: "default"
2024-10-05T23:55:20.348+09:30  INFO 44949 --- [main] o.s.b.w.embedded.tomcat.TomcatWebServer  : Tomcat initialized with port(s): 4567 (http)
2024-10-05T23:55:20.351+09:30  INFO 44949 --- [main] o.apache.catalina.core.StandardService   : Starting service [Tomcat]
2024-10-05T23:55:20.351+09:30  INFO 44949 --- [main] o.apache.catalina.core.StandardEngine    : Starting Servlet engine: [Apache Tomcat/10.1.8]
2024-10-05T23:55:20.377+09:30  INFO 44949 --- [main] o.a.c.c.C.[Tomcat].[localhost].[/]       : Initializing Spring embedded WebApplicationContext
2024-10-05T23:55:20.377+09:30  INFO 44949 --- [main] w.s.c.ServletWebServerApplicationContext : Root WebApplicationContext: initialization completed in 261 ms
2024-10-05T23:55:24.223+09:30  INFO 44949 --- [main] o.adelaide.service.AggregationService    : currentPath ====== /Users/qilinxin0421/DistributedSystemWork/weatherInfoMap.json
2024-10-05T23:55:29.540+09:30  INFO 44949 --- [main] o.adelaide.service.AggregationService    : newPath ====== /Users/qilinxin0421/DistributedSystemWork/weatherInfoMap.json
2024-10-05T23:55:34.540+09:30 ERROR 44949 --- [main] o.adelaide.service.AggregationService    : new Absolute path of the file: /Users/qilinxin0421/DistributedSystemWork/weatherInfoMap.json
2024-10-05T23:55:34.542+09:30  INFO 44949 --- [main] o.adelaide.service.AggregationService    : new Absolute path of the file: /Users/qilinxin0421/DistributedSystemWork/weatherInfoMap.json
2024-10-05T23:55:34.570+09:30  INFO 44949 --- [main] o.adelaide.service.AggregationService    : Successfully loaded weatherInfoMap, total records: 1 
2024-10-05T23:55:34.572+09:30  INFO 44949 --- [main] o.adelaide.service.AggregationService    : {"abcd":{}}
2024-10-05T23:55:34.673+09:30  INFO 44949 --- [main] o.s.b.w.embedded.tomcat.TomcatWebServer  : Tomcat started on port(s): 4567 (http) with context path ''
2024-10-05T23:55:34.677+09:30  INFO 44949 --- [main] org.adelaide.AggregationApplication      : Started AggregationApplication in 14.726 seconds (process running for 14.951)
2024-10-05T23:55:45.943+09:30  INFO 44949 --- [http-nio-4567-exec-1] o.a.c.c.C.[Tomcat].[localhost].[/]       : Initializing Spring DispatcherServlet 'dispatcherServlet'
2024-10-05T23:55:45.943+09:30  INFO 44949 --- [http-nio-4567-exec-1] o.s.web.servlet.DispatcherServlet        : Initializing Servlet 'dispatcherServlet'
2024-10-05T23:55:45.944+09:30  INFO 44949 --- [http-nio-4567-exec-1] o.s.web.servlet.DispatcherServlet        : Completed initialization in 1 ms
2024-10-05T23:55:45.953+09:30  WARN 44949 --- [http-nio-4567-exec-1] ocalVariableTableParameterNameDiscoverer : Using deprecated '-debug' fallback for parameter name resolution. Compile the affected code with '-parameters' instead or avoid its introspection: org.adelaide.controller.AggregationController
2024-10-05T23:57:09.938+09:30  INFO 45051 --- [main] org.adelaide.AggregationApplication      : Starting AggregationApplication using Java 17.0.12 with PID 45051 (/Users/qilinxin0421/DistributedSystemWork/aggregation-server/target/classes started by qilinxin0421 in /Users/qilinxin0421/DistributedSystemWork)
2024-10-05T23:57:09.940+09:30  INFO 45051 --- [main] org.adelaide.AggregationApplication      : No active profile set, falling back to 1 default profile: "default"
2024-10-05T23:57:10.183+09:30  INFO 45051 --- [main] o.s.b.w.embedded.tomcat.TomcatWebServer  : Tomcat initialized with port(s): 4567 (http)
2024-10-05T23:57:10.186+09:30  INFO 45051 --- [main] o.apache.catalina.core.StandardService   : Starting service [Tomcat]
2024-10-05T23:57:10.186+09:30  INFO 45051 --- [main] o.apache.catalina.core.StandardEngine    : Starting Servlet engine: [Apache Tomcat/10.1.8]
2024-10-05T23:57:10.212+09:30  INFO 45051 --- [main] o.a.c.c.C.[Tomcat].[localhost].[/]       : Initializing Spring embedded WebApplicationContext
2024-10-05T23:57:10.213+09:30  INFO 45051 --- [main] w.s.c.ServletWebServerApplicationContext : Root WebApplicationContext: initialization completed in 259 ms
2024-10-05T23:57:16.457+09:30  INFO 45051 --- [main] o.adelaide.service.AggregationService    : currentPath ====== /Users/qilinxin0421/DistributedSystemWork/weatherInfoMap.json
2024-10-05T23:57:16.462+09:30  INFO 45051 --- [main] o.adelaide.service.AggregationService    : newPath ====== /Users/qilinxin0421/DistributedSystemWork/weatherInfoMap.json
2024-10-05T23:57:16.464+09:30 ERROR 45051 --- [main] o.adelaide.service.AggregationService    : new Absolute path of the file: /Users/qilinxin0421/DistributedSystemWork/weatherInfoMap.json
2024-10-05T23:57:16.464+09:30  INFO 45051 --- [main] o.adelaide.service.AggregationService    : new Absolute path of the file: /Users/qilinxin0421/DistributedSystemWork/weatherInfoMap.json
2024-10-05T23:57:16.479+09:30  INFO 45051 --- [main] o.adelaide.service.AggregationService    : Successfully loaded weatherInfoMap, total records: 1 
2024-10-05T23:57:16.481+09:30  INFO 45051 --- [main] o.adelaide.service.AggregationService    : {"abcd":{"Capacity9":{"weatherInfo":{"id":"Capacity9","name":"Location 33","state":"SA","time_zone":"CST","lat":"0.5288100187809404","lon":"0.8035361612888311","local_date_time":"15/12:00pm","local_date_time_full":"202409301638","air_temp":"1.2375053617943577","apparent_t":"5.569496439964727","cloud":"Partly cloudy","dewpt":"0.36651990570396586","press":"30.69559547810428","rel_hum":"50","wind_dir":"S","wind_spd_kmh":"14","wind_spd_kt":"7"},"lastUpdateTime":"1728138423678","versionId":"143"},"Capacity8":{"weatherInfo":{"id":"Capacity8","name":"Location 83","state":"SA","time_zone":"CST","lat":"0.4170342173038091","lon":"0.35232988141902166","local_date_time":"15/8:00pm","local_date_time_full":"202409301655","air_temp":"9.83279386374434","apparent_t":"2.86820452640928","cloud":"Partly cloudy","dewpt":"4.957951916984939","press":"0.14643526177922084","rel_hum":"46","wind_dir":"S","wind_spd_kmh":"17","wind_spd_kt":"8"},"lastUpdateTime":"1728138423677","versionId":"141"},"Capacity7":{"weatherInfo":{"id":"Capacity7","name":"Location 32","state":"SA","time_zone":"CST","lat":"0.44781986059701784","lon":"0.13933287077091006","local_date_time":"15/8:00pm","local_date_time_full":"202409301653","air_temp":"0.816463242854425","apparent_t":"0.2952639511332611","cloud":"Clear","dewpt":"0.8201972273974417","press":"38.72528411019343","rel_hum":"8","wind_dir":"S","wind_spd_kmh":"5","wind_spd_kt":"2"},"lastUpdateTime":"1728138423675","versionId":"139"},"Capacity6":{"weatherInfo":{"id":"Capacity6","name":"Location 16","state":"SA","time_zone":"CST","lat":"0.13294818796673125","lon":"0.48063629514911577","local_date_time":"15/7:00pm","local_date_time_full":"202409301642","air_temp":"4.058602020319855","apparent_t":"9.222823739153256","cloud":"Clear","dewpt":"3.1007340580299863","press":"39.570016804518396","rel_hum":"9","wind_dir":"S","wind_spd_kmh":"18","wind_spd_kt":"9"},"lastUpdateTime":"1728138423674","versionId":"137"},"Capacity13":{"weatherInfo":{"id":"Capacity13","name":"Location 86","state":"SA","time_zone":"CST","lat":"0.7578522981040373","lon":"0.6539294360277224","local_date_time":"15/11:00pm","local_date_time_full":"202409301689","air_temp":"5.690823369355682","apparent_t":"6.491224955517079","cloud":"Clear","dewpt":"0.8733897559601589","press":"33.0855680194265","rel_hum":"47","wind_dir":"N","wind_spd_kmh":"3","wind_spd_kt":"1"},"lastUpdateTime":"1728138423683","versionId":"151"},"Capacity24":{"weatherInfo":{"id":"Capacity24","name":"Location 29","state":"SA","time_zone":"CST","lat":"0.6345292896335226","lon":"0.3523459110493773","local_date_time":"15/1:00pm","local_date_time_full":"202409301624","air_temp":"9.032111691492354","apparent_t":"4.683137600688305","cloud":"Partly cloudy","dewpt":"3.6078647266301225","press":"22.153314710558618","rel_hum":"36","wind_dir":"S","wind_spd_kmh":"17","wind_spd_kt":"8"},"lastUpdateTime":"1728138423697","versionId":"173"},"Capacity14":{"weatherInfo":{"id":"Capacity14","name":"Location 52","state":"SA","time_zone":"CST","lat":"0.7407977731375119","lon":"0.3547067089548843","local_date_time":"15/11:00pm","local_date_time_full":"202409301601","air_temp":"1.4421084760381342","apparent_t":"6.6310260017788005","cloud":"Partly cloudy","dewpt":"0.4973249876655905","press":"15.291367498218483","rel_hum":"41","wind_dir":"N","wind_spd_kmh":"17","wind_spd_kt":"8"},"lastUpdateTime":"1728138423684","versionId":"153"},"Capacity25":{"weatherInfo":{"id":"Capacity25","name":"Location 48","state":"SA","time_zone":"CST","lat":"0.8271320756310295","lon":"0.1670594085183038","local_date_time":"15/4:00pm","local_date_time_full":"202409301612","air_temp":"1.5060914325972363","apparent_t":"6.277623153109837","cloud":"Partly cloudy","dewpt":"3.1417085345129934","press":"39.03884429366054","rel_hum":"46","wind_dir":"S","wind_spd_kmh":"14","wind_spd_kt":"7"},"lastUpdateTime":"1728138423698","versionId":"175"},"Capacity15":{"weatherInfo":{"id":"Capacity15","name":"Location 8","state":"SA","time_zone":"CST","lat":"0.9273451093237245","lon":"0.17144359493358052","local_date_time":"15/1:00pm","local_date_time_full":"202409301685","air_temp":"5.30574415935339","apparent_t":"2.8224441420213453","cloud":"Clear","dewpt":"2.4229592296310685","press":"3.3915690535102962","rel_hum":"13","wind_dir":"S","wind_spd_kmh":"12","wind_spd_kt":"6"},"lastUpdateTime":"1728138423685","versionId":"155"},"Capacity16":{"weatherInfo":{"id":"Capacity16","name":"Location 2","state":"SA","time_zone":"CST","lat":"0.9705368397033526","lon":"0.8266160924272042","local_date_time":"15/12:00pm","local_date_time_full":"202409301654","air_temp":"5.707917648890266","apparent_t":"7.767337198132946","cloud":"Partly cloudy","dewpt":"1.5221834996299166","press":"38.99940853140304","rel_hum":"36","wind_dir":"S","wind_spd_kmh":"8","wind_spd_kt":"4"},"lastUpdateTime":"1728138423687","versionId":"157"},"Capacity20":{"weatherInfo":{"id":"Capacity20","name":"Location 47","state":"SA","time_zone":"CST","lat":"0.8322565682580413","lon":"0.10910142961952174","local_date_time":"15/3:00pm","local_date_time_full":"202409301644","air_temp":"1.1330057044333286","apparent_t":"8.056715078161282","cloud":"Clear","dewpt":"0.5362965712032702","press":"43.68348354947321","rel_hum":"16","wind_dir":"N","wind_spd_kmh":"3","wind_spd_kt":"1"},"lastUpdateTime":"1728138423692","versionId":"165"},"Capacity10":{"weatherInfo":{"id":"Capacity10","name":"Location 96","state":"SA","time_zone":"CST","lat":"0.3080737886303512","lon":"0.0477652676945004","local_date_time":"15/12:00pm","local_date_time_full":"202409301653","air_temp":"7.088056349660896","apparent_t":"7.536629187102818","cloud":"Partly cloudy","dewpt":"3.2924820717372247","press":"25.773801863593093","rel_hum":"39","wind_dir":"S","wind_spd_kmh":"16","wind_spd_kt":"8"},"lastUpdateTime":"1728138423679","versionId":"145"},"Capacity21":{"weatherInfo":{"id":"Capacity21","name":"Location 20","state":"SA","time_zone":"CST","lat":"0.276270229978543","lon":"0.6580022800731011","local_date_time":"15/8:00pm","local_date_time_full":"202409301695","air_temp":"9.488307223892573","apparent_t":"4.637129473958245","cloud":"Partly cloudy","dewpt":"1.6018205273658748","press":"25.661692722471663","rel_hum":"28","wind_dir":"N","wind_spd_kmh":"17","wind_spd_kt":"8"},"lastUpdateTime":"1728138423693","versionId":"167"},"Capacity11":{"weatherInfo":{"id":"Capacity11","name":"Location 28","state":"SA","time_zone":"CST","lat":"0.2522909205093711","lon":"0.5714797468143062","local_date_time":"15/9:00pm","local_date_time_full":"202409301662","air_temp":"7.9732737041193396","apparent_t":"0.5772005916844913","cloud":"Partly cloudy","dewpt":"0.9414610629836756","press":"8.802034401002151","rel_hum":"34","wind_dir":"N","wind_spd_kmh":"6","wind_spd_kt":"3"},"lastUpdateTime":"1728138423680","versionId":"147"},"Capacity22":{"weatherInfo":{"id":"Capacity22","name":"Location 81","state":"SA","time_zone":"CST","lat":"0.6575447340183954","lon":"0.7653779464645781","local_date_time":"15/1:00pm","local_date_time_full":"202409301624","air_temp":"9.261187463449865","apparent_t":"7.848039765666801","cloud":"Partly cloudy","dewpt":"3.4573456898240664","press":"21.980602622633523","rel_hum":"27","wind_dir":"N","wind_spd_kmh":"12","wind_spd_kt":"6"},"lastUpdateTime":"1728138423695","versionId":"169"},"Capacity12":{"weatherInfo":{"id":"Capacity12","name":"Location 21","state":"SA","time_zone":"CST","lat":"0.9614409402588052","lon":"0.18186283081721044","local_date_time":"15/12:00pm","local_date_time_full":"202409301674","air_temp":"5.769848335527019","apparent_t":"1.1705609621220325","cloud":"Partly cloudy","dewpt":"0.8071331009132099","press":"8.649308559838692","rel_hum":"2","wind_dir":"N","wind_spd_kmh":"1","wind_spd_kt":"0"},"lastUpdateTime":"1728138423682","versionId":"149"},"Capacity23":{"weatherInfo":{"id":"Capacity23","name":"Location 12","state":"SA","time_zone":"CST","lat":"0.2763467631927067","lon":"0.936487281686328","local_date_time":"15/12:00pm","local_date_time_full":"202409301601","air_temp":"8.118479761073242","apparent_t":"6.659507582372006","cloud":"Partly cloudy","dewpt":"2.9335950095744225","press":"3.281434683665058","rel_hum":"25","wind_dir":"N","wind_spd_kmh":"16","wind_spd_kt":"8"},"lastUpdateTime":"1728138423696","versionId":"171"},"Capacity17":{"weatherInfo":{"id":"Capacity17","name":"Location 23","state":"SA","time_zone":"CST","lat":"0.38888342491141237","lon":"0.47330796566784905","local_date_time":"15/9:00pm","local_date_time_full":"202409301608","air_temp":"8.81323016005455","apparent_t":"5.707313991286562","cloud":"Clear","dewpt":"2.6246589703756285","press":"8.23988829381001","rel_hum":"35","wind_dir":"S","wind_spd_kmh":"18","wind_spd_kt":"9"},"lastUpdateTime":"1728138423688","versionId":"159"},"Capacity18":{"weatherInfo":{"id":"Capacity18","name":"Location 45","state":"SA","time_zone":"CST","lat":"0.41201554509659477","lon":"0.9832565778239516","local_date_time":"15/8:00pm","local_date_time_full":"202409301673","air_temp":"2.079073819581103","apparent_t":"9.601187093131422","cloud":"Clear","dewpt":"1.892211385101188","press":"15.874393557428945","rel_hum":"43","wind_dir":"N","wind_spd_kmh":"5","wind_spd_kt":"2"},"lastUpdateTime":"1728138423689","versionId":"161"},"Capacity19":{"weatherInfo":{"id":"Capacity19","name":"Location 94","state":"SA","time_zone":"CST","lat":"0.06752161504954202","lon":"0.5574015451205795","local_date_time":"15/7:00pm","local_date_time_full":"202409301668","air_temp":"3.691837942137002","apparent_t":"2.8405578733014436","cloud":"Partly cloudy","dewpt":"2.4158098660594756","press":"44.92530151618413","rel_hum":"4","wind_dir":"N","wind_spd_kmh":"8","wind_spd_kt":"4"},"lastUpdateTime":"1728138423691","versionId":"163"}}}
2024-10-05T23:57:16.588+09:30  INFO 45051 --- [main] o.s.b.w.embedded.tomcat.TomcatWebServer  : Tomcat started on port(s): 4567 (http) with context path ''
2024-10-05T23:57:16.592+09:30  INFO 45051 --- [main] org.adelaide.AggregationApplication      : Started AggregationApplication in 6.793 seconds (process running for 7.012)
2024-10-05T23:57:24.320+09:30  INFO 45051 --- [http-nio-4567-exec-1] o.a.c.c.C.[Tomcat].[localhost].[/]       : Initializing Spring DispatcherServlet 'dispatcherServlet'
2024-10-05T23:57:24.320+09:30  INFO 45051 --- [http-nio-4567-exec-1] o.s.web.servlet.DispatcherServlet        : Initializing Servlet 'dispatcherServlet'
2024-10-05T23:57:24.321+09:30  INFO 45051 --- [http-nio-4567-exec-1] o.s.web.servlet.DispatcherServlet        : Completed initialization in 1 ms
2024-10-05T23:57:24.371+09:30  WARN 45051 --- [http-nio-4567-exec-2] ocalVariableTableParameterNameDiscoverer : Using deprecated '-debug' fallback for parameter name resolution. Compile the affected code with '-parameters' instead or avoid its introspection: org.adelaide.controller.AggregationController
2024-10-05T23:57:36.488+09:30  INFO 45051 --- [pool-2-thread-1] o.adelaide.service.AggregationService    : currentPath ====== /Users/qilinxin0421/DistributedSystemWork/weatherInfoMap.json
2024-10-05T23:57:36.489+09:30  INFO 45051 --- [pool-2-thread-1] o.adelaide.service.AggregationService    : newPath ====== /Users/qilinxin0421/DistributedSystemWork/weatherInfoMap.json
